0 info it worked if it ends with ok
1 verbose cli [ 'C:\\Program Files (x86)\\nodejs\\\\node.exe',
1 verbose cli   'C:\\Program Files (x86)\\nodejs\\node_modules\\npm\\bin\\npm-cli.js',
1 verbose cli   'install' ]
2 info using npm@1.4.28
3 info using node@v0.10.32
4 verbose node symlink C:\Program Files (x86)\nodejs\\node.exe
5 verbose readDependencies using package.json deps
6 verbose install where, deps [ 'C:\\Users\\OmarFarooq\\Documents\\workspace\\TryURStash',
6 verbose install   [ 'express',
6 verbose install     'serve-favicon',
6 verbose install     'morgan',
6 verbose install     'cookie-parser',
6 verbose install     'body-parser',
6 verbose install     'debug',
6 verbose install     'jade',
6 verbose install     'mongodb',
6 verbose install     'monk',
6 verbose install     'google-books-search',
6 verbose install     'jquery' ] ]
7 info preinstall application-name@0.0.1
8 warn package.json mongo-sanitize@1.0.0 No repository field.
9 verbose readDependencies using package.json deps
10 verbose already installed skipping express@~4.0.0 C:\Users\OmarFarooq\Documents\workspace\TryURStash
11 verbose already installed skipping serve-favicon@~2.1.3 C:\Users\OmarFarooq\Documents\workspace\TryURStash
12 verbose already installed skipping morgan@~1.0.0 C:\Users\OmarFarooq\Documents\workspace\TryURStash
13 verbose already installed skipping cookie-parser@~1.0.1 C:\Users\OmarFarooq\Documents\workspace\TryURStash
14 verbose already installed skipping body-parser@~1.0.0 C:\Users\OmarFarooq\Documents\workspace\TryURStash
15 verbose already installed skipping debug@~0.7.4 C:\Users\OmarFarooq\Documents\workspace\TryURStash
16 verbose already installed skipping jade@~1.3.0 C:\Users\OmarFarooq\Documents\workspace\TryURStash
17 verbose cache add [ 'mongodb@~3.0.2', null ]
18 verbose cache add name=undefined spec="mongodb@~3.0.2" args=["mongodb@~3.0.2",null]
19 verbose parsed url { protocol: null,
19 verbose parsed url   slashes: null,
19 verbose parsed url   auth: null,
19 verbose parsed url   host: null,
19 verbose parsed url   port: null,
19 verbose parsed url   hostname: null,
19 verbose parsed url   hash: null,
19 verbose parsed url   search: null,
19 verbose parsed url   query: null,
19 verbose parsed url   pathname: 'mongodb@~3.0.2',
19 verbose parsed url   path: 'mongodb@~3.0.2',
19 verbose parsed url   href: 'mongodb@~3.0.2' }
20 verbose already installed skipping monk@* C:\Users\OmarFarooq\Documents\workspace\TryURStash
21 verbose already installed skipping google-books-search@* C:\Users\OmarFarooq\Documents\workspace\TryURStash
22 verbose cache add [ 'jquery@*', null ]
23 verbose cache add name=undefined spec="jquery@*" args=["jquery@*",null]
24 verbose parsed url { protocol: null,
24 verbose parsed url   slashes: null,
24 verbose parsed url   auth: null,
24 verbose parsed url   host: null,
24 verbose parsed url   port: null,
24 verbose parsed url   hostname: null,
24 verbose parsed url   hash: null,
24 verbose parsed url   search: null,
24 verbose parsed url   query: null,
24 verbose parsed url   pathname: 'jquery@*',
24 verbose parsed url   path: 'jquery@*',
24 verbose parsed url   href: 'jquery@*' }
25 verbose cache add name="mongodb" spec="~3.0.2" args=["mongodb","~3.0.2"]
26 verbose parsed url { protocol: null,
26 verbose parsed url   slashes: null,
26 verbose parsed url   auth: null,
26 verbose parsed url   host: null,
26 verbose parsed url   port: null,
26 verbose parsed url   hostname: null,
26 verbose parsed url   hash: null,
26 verbose parsed url   search: null,
26 verbose parsed url   query: null,
26 verbose parsed url   pathname: '~3.0.2',
26 verbose parsed url   path: '~3.0.2',
26 verbose parsed url   href: '~3.0.2' }
27 verbose addNamed [ 'mongodb', '~3.0.2' ]
28 verbose addNamed [ null, '>=3.0.2-0 <3.1.0-0' ]
29 verbose cache add name="jquery" spec="*" args=["jquery","*"]
30 verbose parsed url { protocol: null,
30 verbose parsed url   slashes: null,
30 verbose parsed url   auth: null,
30 verbose parsed url   host: null,
30 verbose parsed url   port: null,
30 verbose parsed url   hostname: null,
30 verbose parsed url   hash: null,
30 verbose parsed url   search: null,
30 verbose parsed url   query: null,
30 verbose parsed url   pathname: '*',
30 verbose parsed url   path: '*',
30 verbose parsed url   href: '*' }
31 verbose addNamed [ 'jquery', '*' ]
32 verbose addNamed [ null, '*' ]
33 silly lockFile 0a581ae4-mongodb-3-0-2 mongodb@~3.0.2
34 verbose lock mongodb@~3.0.2 C:\Users\OmarFarooq\AppData\Roaming\npm-cache\0a581ae4-mongodb-3-0-2.lock
35 silly lockFile 940b64bc-jquery jquery@*
36 verbose lock jquery@* C:\Users\OmarFarooq\AppData\Roaming\npm-cache\940b64bc-jquery.lock
37 silly addNameRange { name: 'mongodb', range: '>=3.0.2-0 <3.1.0-0', hasData: false }
38 silly addNameRange { name: 'jquery', range: '*', hasData: false }
39 verbose request where is /jquery
40 verbose request registry https://registry.npmjs.org/
41 verbose request id 6cbbb550efe84c0d
42 verbose url raw /jquery
43 verbose url resolving [ 'https://registry.npmjs.org/', './jquery' ]
44 verbose url resolved https://registry.npmjs.org/jquery
45 verbose request where is https://registry.npmjs.org/jquery
46 info trying registry request attempt 1 at 11:07:50
47 verbose etag "9W35B90ZLRLQT7T1JKPMK9N6"
48 http GET https://registry.npmjs.org/jquery
49 verbose request where is /mongodb
50 verbose request registry https://registry.npmjs.org/
51 verbose url raw /mongodb
52 verbose url resolving [ 'https://registry.npmjs.org/', './mongodb' ]
53 verbose url resolved https://registry.npmjs.org/mongodb
54 verbose request where is https://registry.npmjs.org/mongodb
55 info trying registry request attempt 1 at 11:07:50
56 verbose etag "166301WCFW5XA67HSJGF4S67H"
57 http GET https://registry.npmjs.org/mongodb
58 http 304 https://registry.npmjs.org/mongodb
59 silly registry.get cb [ 304,
59 silly registry.get   { date: 'Fri, 15 May 2015 15:07:54 GMT',
59 silly registry.get     via: '1.1 varnish',
59 silly registry.get     'cache-control': 'max-age=60',
59 silly registry.get     etag: '"166301WCFW5XA67HSJGF4S67H"',
59 silly registry.get     age: '38',
59 silly registry.get     connection: 'keep-alive',
59 silly registry.get     'x-served-by': 'cache-jfk1031-JFK',
59 silly registry.get     'x-cache': 'HIT',
59 silly registry.get     'x-cache-hits': '2',
59 silly registry.get     'x-timer': 'S1431702474.291256,VS0,VE0',
59 silly registry.get     vary: 'Accept' } ]
60 verbose etag https://registry.npmjs.org/mongodb from cache
61 http 304 https://registry.npmjs.org/jquery
62 silly registry.get cb [ 304,
62 silly registry.get   { date: 'Fri, 15 May 2015 15:07:54 GMT',
62 silly registry.get     via: '1.1 varnish',
62 silly registry.get     'cache-control': 'max-age=60',
62 silly registry.get     etag: '"9W35B90ZLRLQT7T1JKPMK9N6"',
62 silly registry.get     age: '52',
62 silly registry.get     connection: 'keep-alive',
62 silly registry.get     'x-served-by': 'cache-jfk1034-JFK',
62 silly registry.get     'x-cache': 'HIT',
62 silly registry.get     'x-cache-hits': '1',
62 silly registry.get     'x-timer': 'S1431702474.295091,VS0,VE0',
62 silly registry.get     vary: 'Accept' } ]
63 verbose etag https://registry.npmjs.org/jquery from cache
64 silly addNameRange number 2 { name: 'jquery', range: '*', hasData: true }
65 silly addNameRange versions [ 'jquery',
65 silly addNameRange   [ '1.5.1',
65 silly addNameRange     '1.6.2',
65 silly addNameRange     '1.6.3',
65 silly addNameRange     '1.7.2',
65 silly addNameRange     '1.7.3',
65 silly addNameRange     '1.8.2',
65 silly addNameRange     '1.8.3',
65 silly addNameRange     '2.1.0-beta2',
65 silly addNameRange     '2.1.0-beta3',
65 silly addNameRange     '1.11.0-beta3',
65 silly addNameRange     '1.11.0-rc1',
65 silly addNameRange     '2.1.0-rc1',
65 silly addNameRange     '1.11.0',
65 silly addNameRange     '2.1.0',
65 silly addNameRange     '2.1.1-beta1',
65 silly addNameRange     '1.11.1-beta1',
65 silly addNameRange     '2.1.1-rc1',
65 silly addNameRange     '1.11.1-rc1',
65 silly addNameRange     '2.1.1-rc2',
65 silly addNameRange     '1.11.1-rc2',
65 silly addNameRange     '2.1.1',
65 silly addNameRange     '1.11.1',
65 silly addNameRange     '1.9.1',
65 silly addNameRange     '2.1.2',
65 silly addNameRange     '1.11.2',
65 silly addNameRange     '2.1.3',
65 silly addNameRange     '2.1.4',
65 silly addNameRange     '1.11.3' ] ]
66 verbose addNamed [ 'jquery', '2.1.4' ]
67 verbose addNamed [ '2.1.4', '2.1.4' ]
68 silly lockFile f774660c-jquery-2-1-4 jquery@2.1.4
69 verbose lock jquery@2.1.4 C:\Users\OmarFarooq\AppData\Roaming\npm-cache\f774660c-jquery-2-1-4.lock
70 silly lockFile f774660c-jquery-2-1-4 jquery@2.1.4
71 silly lockFile f774660c-jquery-2-1-4 jquery@2.1.4
72 silly lockFile 940b64bc-jquery jquery@*
73 silly lockFile 940b64bc-jquery jquery@*
74 silly addNameRange number 2 { name: 'mongodb', range: '>=3.0.2-0 <3.1.0-0', hasData: true }
75 silly addNameRange versions [ 'mongodb',
75 silly addNameRange   [ '0.9.4',
75 silly addNameRange     '0.9.4-4',
75 silly addNameRange     '0.9.3',
75 silly addNameRange     '0.9.1',
75 silly addNameRange     '0.9.2',
75 silly addNameRange     '0.9.6-7',
75 silly addNameRange     '0.9.6-8',
75 silly addNameRange     '0.9.6-9',
75 silly addNameRange     '0.9.6-10',
75 silly addNameRange     '0.9.6-11',
75 silly addNameRange     '0.9.6-12',
75 silly addNameRange     '0.9.6-13',
75 silly addNameRange     '0.9.6-14',
75 silly addNameRange     '0.9.6-15',
75 silly addNameRange     '0.9.6-16',
75 silly addNameRange     '0.9.6-17',
75 silly addNameRange     '0.9.6-18',
75 silly addNameRange     '0.9.6-19',
75 silly addNameRange     '0.9.6-20',
75 silly addNameRange     '0.9.6-21',
75 silly addNameRange     '0.9.6-22',
75 silly addNameRange     '0.9.6-23',
75 silly addNameRange     '0.9.7',
75 silly addNameRange     '0.9.7-0',
75 silly addNameRange     '0.9.7-1',
75 silly addNameRange     '0.9.7-1.1',
75 silly addNameRange     '0.9.7-1.2',
75 silly addNameRange     '0.9.7-1.3',
75 silly addNameRange     '0.9.7-1.4',
75 silly addNameRange     '0.9.7-2',
75 silly addNameRange     '0.9.7-2-1',
75 silly addNameRange     '0.9.7-2-2',
75 silly addNameRange     '0.9.7-2-3',
75 silly addNameRange     '0.9.7-2-4',
75 silly addNameRange     '0.9.7-2-5',
75 silly addNameRange     '0.9.7-3',
75 silly addNameRange     '0.9.7-3-1',
75 silly addNameRange     '0.9.7-3-2',
75 silly addNameRange     '0.9.7-3-3',
75 silly addNameRange     '0.9.7-3-4',
75 silly addNameRange     '0.9.7-3-5',
75 silly addNameRange     '0.9.8',
75 silly addNameRange     '0.9.8-1',
75 silly addNameRange     '0.9.8-2',
75 silly addNameRange     '0.9.8-3',
75 silly addNameRange     '0.9.8-4',
75 silly addNameRange     '0.9.8-5',
75 silly addNameRange     '0.9.8-6',
75 silly addNameRange     '0.9.8-7',
75 silly addNameRange     '0.9.9',
75 silly addNameRange     '0.9.9-1',
75 silly addNameRange     '0.9.9-2',
75 silly addNameRange     '0.9.9-3',
75 silly addNameRange     '0.9.9-4',
75 silly addNameRange     '0.9.9-5',
75 silly addNameRange     '0.9.9-6',
75 silly addNameRange     '0.9.9-7',
75 silly addNameRange     '0.9.9-8',
75 silly addNameRange     '1.0.0',
75 silly addNameRange     '1.0.1',
75 silly addNameRange     '1.0.2',
75 silly addNameRange     '1.1.0-beta',
75 silly addNameRange     '1.1.0',
75 silly addNameRange     '1.1.1',
75 silly addNameRange     '1.1.2',
75 silly addNameRange     '1.1.3',
75 silly addNameRange     '1.1.4',
75 silly addNameRange     '1.1.5',
75 silly addNameRange     '1.1.6',
75 silly addNameRange     '1.1.7',
75 silly addNameRange     '1.1.8',
75 silly addNameRange     '1.1.9',
75 silly addNameRange     '1.1.10',
75 silly addNameRange     '1.1.11',
75 silly addNameRange     '1.2.0',
75 silly addNameRange     '1.2.1',
75 silly addNameRange     '1.2.2',
75 silly addNameRange     '1.2.3',
75 silly addNameRange     '1.2.4',
75 silly addNameRange     '1.2.5',
75 silly addNameRange     '1.2.6',
75 silly addNameRange     '1.2.7',
75 silly addNameRange     '1.2.8',
75 silly addNameRange     '1.2.9',
75 silly addNameRange     '1.2.10',
75 silly addNameRange     '1.2.11',
75 silly addNameRange     '1.2.12',
75 silly addNameRange     '1.2.13',
75 silly addNameRange     '1.2.14',
75 silly addNameRange     '1.3.0',
75 silly addNameRange     '1.3.1',
75 silly addNameRange     '1.3.2',
75 silly addNameRange     '1.3.3',
75 silly addNameRange     '1.3.4',
75 silly addNameRange     '1.3.5',
75 silly addNameRange     '1.3.6',
75 silly addNameRange     '1.3.7',
75 silly addNameRange     '1.3.8',
75 silly addNameRange     '1.3.9',
75 silly addNameRange     '1.3.10',
75 silly addNameRange     '1.3.11',
75 silly addNameRange     '1.3.12',
75 silly addNameRange     '1.3.14',
75 silly addNameRange     '1.3.15',
75 silly addNameRange     '1.3.17',
75 silly addNameRange     '1.3.18',
75 silly addNameRange     '1.3.19',
75 silly addNameRange     '1.4.0-rc2',
75 silly addNameRange     '1.3.20',
75 silly addNameRange     '1.4.0-rc3',
75 silly addNameRange     '1.3.21',
75 silly addNameRange     '1.3.22',
75 silly addNameRange     '1.3.23',
75 silly addNameRange     '1.4.0-rc4',
75 silly addNameRange     '1.4.0-rc5',
75 silly addNameRange     '1.4.0-rc6',
75 silly addNameRange     '1.4.0-rc7',
75 silly addNameRange     '1.4.0-rc8',
75 silly addNameRange     '1.4.0-rc9',
75 silly addNameRange     '1.4.0-rc10',
75 silly addNameRange     '1.4.0',
75 silly addNameRange     '1.4.1',
75 silly addNameRange     '1.4.2',
75 silly addNameRange     '1.4.3',
75 silly addNameRange     '1.4.4',
75 silly addNameRange     '1.4.5',
75 silly addNameRange     '1.4.6',
75 silly addNameRange     '1.4.7',
75 silly addNameRange     '1.4.8',
75 silly addNameRange     '1.4.9',
75 silly addNameRange     '1.4.10',
75 silly addNameRange     '2.0.0-alpha1',
75 silly addNameRange     '1.4.11',
75 silly addNameRange     '1.4.12',
75 silly addNameRange     '1.4.14',
75 silly addNameRange     '1.4.15',
75 silly addNameRange     '1.4.16',
75 silly addNameRange     '1.4.17',
75 silly addNameRange     '2.0.0-alpha2',
75 silly addNameRange     '1.4.18',
75 silly addNameRange     '2.0.0',
75 silly addNameRange     '2.0.1',
75 silly addNameRange     '2.0.2',
75 silly addNameRange     '1.4.19',
75 silly addNameRange     '2.0.3',
75 silly addNameRange     '2.0.4',
75 silly addNameRange     '2.0.5',
75 silly addNameRange     '2.0.6',
75 silly addNameRange     '1.4.20',
75 silly addNameRange     '1.4.22',
75 silly addNameRange     '2.0.7',
75 silly addNameRange     '2.0.8',
75 silly addNameRange     '2.0.9',
75 silly addNameRange     '1.4.23',
75 silly addNameRange     '2.0.10',
75 silly addNameRange     '1.4.24',
75 silly addNameRange     '2.0.11',
75 silly addNameRange     '1.4.25',
75 silly addNameRange     '2.0.12',
75 silly addNameRange     '1.4.26',
75 silly addNameRange     '1.4.27',
75 silly addNameRange     '1.4.28',
75 silly addNameRange     '2.0.13',
75 silly addNameRange     '2.0.14',
75 silly addNameRange     '1.4.29',
75 silly addNameRange     '2.0.15',
75 silly addNameRange     '1.4.30',
75 silly addNameRange     '2.0.16',
75 silly addNameRange     '1.4.31',
75 silly addNameRange     '2.0.17',
75 silly addNameRange     '1.4.32',
75 silly addNameRange     '2.0.18',
75 silly addNameRange     '2.0.19',
75 silly addNameRange     '1.4.33',
75 silly addNameRange     '2.0.20',
75 silly addNameRange     '2.0.21',
75 silly addNameRange     '1.4.34',
75 silly addNameRange     '2.0.22',
75 silly addNameRange     '2.0.23',
75 silly addNameRange     '1.4.35',
75 silly addNameRange     '2.0.24',
75 silly addNameRange     '2.0.25',
75 silly addNameRange     '2.0.26',
75 silly addNameRange     '2.0.27',
75 silly addNameRange     '2.0.28',
75 silly addNameRange     '2.0.29',
75 silly addNameRange     '1.4.36',
75 silly addNameRange     '2.0.30',
75 silly addNameRange     '1.4.37',
75 silly addNameRange     '2.0.31' ] ]
76 silly lockFile 0a581ae4-mongodb-3-0-2 mongodb@~3.0.2
77 silly lockFile 0a581ae4-mongodb-3-0-2 mongodb@~3.0.2
78 error notarget No compatible version found: mongodb@'>=3.0.2-0 <3.1.0-0'
78 error notarget Valid install targets:
78 error notarget ["0.9.4","0.9.4-4","0.9.3","0.9.1","0.9.2","0.9.6-7","0.9.6-8","0.9.6-9","0.9.6-10","0.9.6-11","0.9.6-12","0.9.6-13","0.9.6-14","0.9.6-15","0.9.6-16","0.9.6-17","0.9.6-18","0.9.6-19","0.9.6-20","0.9.6-21","0.9.6-22","0.9.6-23","0.9.7","0.9.7-0","0.9.7-1","0.9.7-1.1","0.9.7-1.2","0.9.7-1.3","0.9.7-1.4","0.9.7-2","0.9.7-2-1","0.9.7-2-2","0.9.7-2-3","0.9.7-2-4","0.9.7-2-5","0.9.7-3","0.9.7-3-1","0.9.7-3-2","0.9.7-3-3","0.9.7-3-4","0.9.7-3-5","0.9.8","0.9.8-1","0.9.8-2","0.9.8-3","0.9.8-4","0.9.8-5","0.9.8-6","0.9.8-7","0.9.9","0.9.9-1","0.9.9-2","0.9.9-3","0.9.9-4","0.9.9-5","0.9.9-6","0.9.9-7","0.9.9-8","1.0.0","1.0.1","1.0.2","1.1.0-beta","1.1.0","1.1.1","1.1.2","1.1.3","1.1.4","1.1.5","1.1.6","1.1.7","1.1.8","1.1.9","1.1.10","1.1.11","1.2.0","1.2.1","1.2.2","1.2.3","1.2.4","1.2.5","1.2.6","1.2.7","1.2.8","1.2.9","1.2.10","1.2.11","1.2.12","1.2.13","1.2.14","1.3.0","1.3.1","1.3.2","1.3.3","1.3.4","1.3.5","1.3.6","1.3.7","1.3.8","1.3.9","1.3.10","1.3.11","1.3.12","1.3.14","1.3.15","1.3.17","1.3.18","1.3.19","1.4.0-rc2","1.3.20","1.4.0-rc3","1.3.21","1.3.22","1.3.23","1.4.0-rc4","1.4.0-rc5","1.4.0-rc6","1.4.0-rc7","1.4.0-rc8","1.4.0-rc9","1.4.0-rc10","1.4.0","1.4.1","1.4.2","1.4.3","1.4.4","1.4.5","1.4.6","1.4.7","1.4.8","1.4.9","1.4.10","2.0.0-alpha1","1.4.11","1.4.12","1.4.14","1.4.15","1.4.16","1.4.17","2.0.0-alpha2","1.4.18","2.0.0","2.0.1","2.0.2","1.4.19","2.0.3","2.0.4","2.0.5","2.0.6","1.4.20","1.4.22","2.0.7","2.0.8","2.0.9","1.4.23","2.0.10","1.4.24","2.0.11","1.4.25","2.0.12","1.4.26","1.4.27","1.4.28","2.0.13","2.0.14","1.4.29","2.0.15","1.4.30","2.0.16","1.4.31","2.0.17","1.4.32","2.0.18","2.0.19","1.4.33","2.0.20","2.0.21","1.4.34","2.0.22","2.0.23","1.4.35","2.0.24","2.0.25","2.0.26","2.0.27","2.0.28","2.0.29","1.4.36","2.0.30","1.4.37","2.0.31"]
78 error notarget
78 error notarget This is most likely not a problem with npm itself.
78 error notarget In most cases you or one of your dependencies are requesting
78 error notarget a package version that doesn't exist.
79 error System Windows_NT 6.2.9200
80 error command "C:\\Program Files (x86)\\nodejs\\\\node.exe" "C:\\Program Files (x86)\\nodejs\\node_modules\\npm\\bin\\npm-cli.js" "install"
81 error cwd C:\Users\OmarFarooq\Documents\workspace\TryURStash
82 error node -v v0.10.32
83 error npm -v 1.4.28
84 error code ETARGET
85 verbose exit [ 1, true ]
